<?xml version="1.0" encoding="UTF-8"?>
<testng-results skipped="0" failed="0" ignored="0" total="1" passed="1">
  <reporter-output>
  </reporter-output>
  <suite name="Default suite" duration-ms="3920" started-at="2018-05-12T22:47:22Z" finished-at="2018-05-12T22:47:26Z">
    <groups>
      <group name="cucumber">
        <method signature="AbstractTestNGCucumberTests.feature(cucumber.api.testng.CucumberFeatureWrapper)[pri:0, instance:TestRunner.TC02_login@6a41eaa2]" name="feature" class="cucumber.api.testng.AbstractTestNGCucumberTests"/>
      </group> <!-- cucumber -->
    </groups>
    <test name="Default test" duration-ms="3920" started-at="2018-05-12T22:47:22Z" finished-at="2018-05-12T22:47:26Z">
      <class name="TestRunner.TC02_login">
        <test-method status="PASS" signature="setUpClass()[pri:0, instance:TestRunner.TC02_login@6a41eaa2]" name="setUpClass" is-config="true" duration-ms="147" started-at="2018-05-12T18:47:22Z" finished-at="2018-05-12T18:47:22Z">
          <reporter-output>
          </reporter-output>
        </test-method> <!-- setUpClass -->
        <test-method status="PASS" signature="feature(cucumber.api.testng.CucumberFeatureWrapper)[pri:0, instance:TestRunner.TC02_login@6a41eaa2]" name="feature" duration-ms="3697" started-at="2018-05-12T18:47:22Z" description="Runs Cucumber Feature" data-provider="features" finished-at="2018-05-12T18:47:26Z">
          <params>
            <param index="0">
              <value>
                <![CDATA[AdminLogin to HRM home page]]>
              </value>
            </param>
          </params>
          <reporter-output>
          </reporter-output>
        </test-method> <!-- feature -->
        <test-method status="PASS" signature="tearDownClass()[pri:0, instance:TestRunner.TC02_login@6a41eaa2]" name="tearDownClass" is-config="true" duration-ms="3" started-at="2018-05-12T18:47:26Z" finished-at="2018-05-12T18:47:26Z">
          <reporter-output>
          </reporter-output>
        </test-method> <!-- tearDownClass -->
      </class> <!-- TestRunner.TC02_login -->
    </test> <!-- Default test -->
  </suite> <!-- Default suite -->
</testng-results>
